<?xml version="1.0" encoding="UTF-8"?>
<testng-results ignored="0" total="1" passed="1" failed="0" skipped="0">
  <reporter-output>
  </reporter-output>
  <suite started-at="2023-11-30T12:44:59 IST" name="Default suite" finished-at="2023-11-30T12:45:06 IST" duration-ms="6678">
    <groups>
    </groups>
    <test started-at="2023-11-30T12:44:59 IST" name="Default test" finished-at="2023-11-30T12:45:06 IST" duration-ms="6678">
      <class name="ptc.SampleTest">
        <test-method signature="m1Test()[pri:0, instance:ptc.SampleTest@5d0a1059]" started-at="2023-11-30T12:44:59 IST" name="m1Test" finished-at="2023-11-30T12:45:06 IST" duration-ms="6643" status="PASS">
          <reporter-output>
          </reporter-output>
        </test-method> <!-- m1Test -->
      </class> <!-- ptc.SampleTest -->
    </test> <!-- Default test -->
  </suite> <!-- Default suite -->
</testng-results>
