<?xml version="1.0" encoding="UTF-8"?>
<testng-results ignored="0" total="1" passed="1" failed="0" skipped="0">
  <reporter-output>
  </reporter-output>
  <suite started-at="2023-11-30T10:48:29 IST" name="Default suite" finished-at="2023-11-30T10:48:29 IST" duration-ms="36">
    <groups>
    </groups>
    <test started-at="2023-11-30T10:48:29 IST" name="Default test" finished-at="2023-11-30T10:48:29 IST" duration-ms="36">
      <class name="ptc.Pjct2Test">
        <test-method signature="s2Test()[pri:0, instance:ptc.Pjct2Test@35aea049]" started-at="2023-11-30T10:48:29 IST" name="s2Test" finished-at="2023-11-30T10:48:29 IST" duration-ms="7" status="PASS">
          <reporter-output>
          </reporter-output>
        </test-method> <!-- s2Test -->
      </class> <!-- ptc.Pjct2Test -->
    </test> <!-- Default test -->
  </suite> <!-- Default suite -->
</testng-results>
